<?xml version="1.0" encoding="UTF-8"?>
<testsuite name="example.cashcard.CashcardApplicationTests" tests="1" skipped="0" failures="0" errors="0" timestamp="2024-05-10T17:46:25" hostname="MacBook-Pro-de-Isaque.local" time="0.579">
  <properties/>
  <testcase name="shouldRetundACashCardWhenDataIsSaved()" classname="example.cashcard.CashcardApplicationTests" time="0.579"/>
  <system-out><![CDATA[14:46:23.399 [Test worker] DEBUG org.springframework.test.context.BootstrapUtils - Instantiating CacheAwareContextLoaderDelegate from class [org.springframework.test.context.cache.DefaultCacheAwareContextLoaderDelegate]
14:46:23.408 [Test worker] DEBUG org.springframework.test.context.BootstrapUtils - Instantiating BootstrapContext using constructor [public org.springframework.test.context.support.DefaultBootstrapContext(java.lang.Class,org.springframework.test.context.CacheAwareContextLoaderDelegate)]
14:46:23.434 [Test worker] DEBUG org.springframework.test.context.BootstrapUtils - Instantiating TestContextBootstrapper for test class [example.cashcard.CashcardApplicationTests] from class [org.springframework.boot.test.context.SpringBootTestContextBootstrapper]
14:46:23.445 [Test worker] INFO org.springframework.boot.test.context.SpringBootTestContextBootstrapper - Neither @ContextConfiguration nor @ContextHierarchy found for test class [example.cashcard.CashcardApplicationTests], using SpringBootContextLoader
14:46:23.448 [Test worker] DEBUG org.springframework.test.context.support.AbstractContextLoader - Did not detect default resource location for test class [example.cashcard.CashcardApplicationTests]: class path resource [example/cashcard/CashcardApplicationTests-context.xml] does not exist
14:46:23.449 [Test worker] DEBUG org.springframework.test.context.support.AbstractContextLoader - Did not detect default resource location for test class [example.cashcard.CashcardApplicationTests]: class path resource [example/cashcard/CashcardApplicationTestsContext.groovy] does not exist
14:46:23.449 [Test worker] INFO org.springframework.test.context.support.AbstractContextLoader - Could not detect default resource locations for test class [example.cashcard.CashcardApplicationTests]: no resource found for suffixes {-context.xml, Context.groovy}.
14:46:23.449 [Test worker] INFO org.springframework.test.context.support.AnnotationConfigContextLoaderUtils - Could not detect default configuration classes for test class [example.cashcard.CashcardApplicationTests]: CashcardApplicationTests does not declare any static, non-private, non-final, nested classes annotated with @Configuration.
14:46:23.480 [Test worker] DEBUG org.springframework.test.context.support.ActiveProfilesUtils - Could not find an 'annotation declaring class' for annotation type [org.springframework.test.context.ActiveProfiles] and class [example.cashcard.CashcardApplicationTests]
14:46:23.542 [Test worker] DEBUG org.springframework.context.annotation.ClassPathScanningCandidateComponentProvider - Identified candidate component class: file [/Users/isaque/Documents/DEV-IZAK/JavaSpringBoot/build/classes/java/main/example/cashcard/CashcardApplication.class]
14:46:23.543 [Test worker] INFO org.springframework.boot.test.context.SpringBootTestContextBootstrapper - Found @SpringBootConfiguration example.cashcard.CashcardApplication for test class example.cashcard.CashcardApplicationTests
14:46:23.615 [Test worker] DEBUG org.springframework.boot.test.context.SpringBootTestContextBootstrapper - @TestExecutionListeners is not present for class [example.cashcard.CashcardApplicationTests]: using defaults.
14:46:23.615 [Test worker] INFO org.springframework.boot.test.context.SpringBootTestContextBootstrapper - Loaded default TestExecutionListener class names from location [META-INF/spring.factories]: [org.springframework.boot.test.autoconfigure.restdocs.RestDocsTestExecutionListener, org.springframework.boot.test.autoconfigure.web.client.MockRestServiceServerResetTestExecutionListener, org.springframework.boot.test.autoconfigure.web.servlet.MockMvcPrintOnlyOnFailureTestExecutionListener, org.springframework.boot.test.autoconfigure.web.servlet.WebDriverTestExecutionListener, org.springframework.boot.test.autoconfigure.webservices.client.MockWebServiceServerTestExecutionListener, org.springframework.boot.test.mock.mockito.MockitoTestExecutionListener, org.springframework.boot.test.mock.mockito.ResetMocksTestExecutionListener, org.springframework.test.context.web.ServletTestExecutionListener, org.springframework.test.context.support.DirtiesContextBeforeModesTestExecutionListener, org.springframework.test.context.event.ApplicationEventsTestExecutionListener, org.springframework.test.context.support.DependencyInjectionTestExecutionListener, org.springframework.test.context.support.DirtiesContextTestExecutionListener, org.springframework.test.context.transaction.TransactionalTestExecutionListener, org.springframework.test.context.jdbc.SqlScriptsTestExecutionListener, org.springframework.test.context.event.EventPublishingTestExecutionListener]
14:46:23.630 [Test worker] INFO org.springframework.boot.test.context.SpringBootTestContextBootstrapper - Using TestExecutionListeners: [org.springframework.test.context.web.ServletTestExecutionListener@a5b0b86, org.springframework.test.context.support.DirtiesContextBeforeModesTestExecutionListener@4b3c354a, org.springframework.test.context.event.ApplicationEventsTestExecutionListener@78fb9a67, org.springframework.boot.test.mock.mockito.MockitoTestExecutionListener@73ff4fae, org.springframework.boot.test.autoconfigure.SpringBootDependencyInjectionTestExecutionListener@21aa6d6c, org.springframework.test.context.support.DirtiesContextTestExecutionListener@b968a76, org.springframework.test.context.transaction.TransactionalTestExecutionListener@2f9a01c1, org.springframework.test.context.jdbc.SqlScriptsTestExecutionListener@2611b9a3, org.springframework.test.context.event.EventPublishingTestExecutionListener@54227100, org.springframework.boot.test.autoconfigure.restdocs.RestDocsTestExecutionListener@6b5894c8, org.springframework.boot.test.autoconfigure.web.client.MockRestServiceServerResetTestExecutionListener@1433046b, org.springframework.boot.test.autoconfigure.web.servlet.MockMvcPrintOnlyOnFailureTestExecutionListener@3f446bef, org.springframework.boot.test.autoconfigure.web.servlet.WebDriverTestExecutionListener@7829b776, org.springframework.boot.test.autoconfigure.webservices.client.MockWebServiceServerTestExecutionListener@5778826f, org.springframework.boot.test.mock.mockito.ResetMocksTestExecutionListener@5b64c4b7]
14:46:23.633 [Test worker] DEBUG org.springframework.test.context.support.AbstractDirtiesContextTestExecutionListener - Before test class: context [DefaultTestContext@55e8ec2f testClass = CashcardApplicationTests, testInstance = [null], testMethod = [null], testException = [null], mergedContextConfiguration = [WebMergedContextConfiguration@4f2613d1 testClass = CashcardApplicationTests, locations = '{}', classes = '{class example.cashcard.CashcardApplication}', contextInitializerClasses = '[]', activeProfiles = '{}', propertySourceLocations = '{}', propertySourceProperties = '{org.springframework.boot.test.context.SpringBootTestContextBootstrapper=true, server.port=0}', contextCustomizers = set[org.springframework.boot.test.autoconfigure.actuate.metrics.MetricsExportContextCustomizerFactory$DisableMetricExportContextCustomizer@68702e03, org.springframework.boot.test.autoconfigure.properties.PropertyMappingContextCustomizer@0, org.springframework.boot.test.autoconfigure.web.servlet.WebDriverContextCustomizerFactory$Customizer@3d9c13b5, org.springframework.boot.test.context.filter.ExcludeFilterContextCustomizer@7582ff54, org.springframework.boot.test.json.DuplicateJsonObjectContextCustomizerFactory$DuplicateJsonObjectContextCustomizer@5f354bcf, org.springframework.boot.test.mock.mockito.MockitoContextCustomizer@0, org.springframework.boot.test.web.client.TestRestTemplateContextCustomizer@1800a575, org.springframework.boot.test.context.SpringBootTestArgs@1, org.springframework.boot.test.context.SpringBootTestWebEnvironment@10d68fcd], resourceBasePath = 'src/main/webapp', contextLoader = 'org.springframework.boot.test.context.SpringBootContextLoader', parent = [null]], attributes = map['org.springframework.test.context.web.ServletTestExecutionListener.activateListener' -> false]], class annotated with @DirtiesContext [false] with mode [null].
14:46:23.642 [Test worker] DEBUG org.springframework.test.context.support.DependencyInjectionTestExecutionListener - Performing dependency injection for test context [[DefaultTestContext@55e8ec2f testClass = CashcardApplicationTests, testInstance = example.cashcard.CashcardApplicationTests@42f3156d, testMethod = [null], testException = [null], mergedContextConfiguration = [WebMergedContextConfiguration@4f2613d1 testClass = CashcardApplicationTests, locations = '{}', classes = '{class example.cashcard.CashcardApplication}', contextInitializerClasses = '[]', activeProfiles = '{}', propertySourceLocations = '{}', propertySourceProperties = '{org.springframework.boot.test.context.SpringBootTestContextBootstrapper=true, server.port=0}', contextCustomizers = set[org.springframework.boot.test.autoconfigure.actuate.metrics.MetricsExportContextCustomizerFactory$DisableMetricExportContextCustomizer@68702e03, org.springframework.boot.test.autoconfigure.properties.PropertyMappingContextCustomizer@0, org.springframework.boot.test.autoconfigure.web.servlet.WebDriverContextCustomizerFactory$Customizer@3d9c13b5, org.springframework.boot.test.context.filter.ExcludeFilterContextCustomizer@7582ff54, org.springframework.boot.test.json.DuplicateJsonObjectContextCustomizerFactory$DuplicateJsonObjectContextCustomizer@5f354bcf, org.springframework.boot.test.mock.mockito.MockitoContextCustomizer@0, org.springframework.boot.test.web.client.TestRestTemplateContextCustomizer@1800a575, org.springframework.boot.test.context.SpringBootTestArgs@1, org.springframework.boot.test.context.SpringBootTestWebEnvironment@10d68fcd], resourceBasePath = 'src/main/webapp', contextLoader = 'org.springframework.boot.test.context.SpringBootContextLoader', parent = [null]], attributes = map['org.springframework.test.context.web.ServletTestExecutionListener.activateListener' -> false, 'org.springframework.test.context.event.ApplicationEventsTestExecutionListener.recordApplicationEvents' -> false]]].

  .   ____          _            __ _ _
 /\\ / ___'_ __ _ _(_)_ __  __ _ \ \ \ \
( ( )\___ | '_ | '_| | '_ \/ _` | \ \ \ \
 \\/  ___)| |_)| | | | | || (_| |  ) ) ) )
  '  |____| .__|_| |_|_| |_\__, | / / / /
 =========|_|==============|___/=/_/_/_/
 :: Spring Boot ::                (v2.6.3)

2024-05-10 14:46:23.899  INFO 3372 --- [    Test worker] e.cashcard.CashcardApplicationTests      : Starting CashcardApplicationTests using Java 17.0.10 on MacBook-Pro-de-Isaque.local with PID 3372 (started by isaque in /Users/isaque/Documents/DEV-IZAK/JavaSpringBoot)
2024-05-10 14:46:23.900  INFO 3372 --- [    Test worker] e.cashcard.CashcardApplicationTests      : No active profile set, falling back to default profiles: default
2024-05-10 14:46:24.292  INFO 3372 --- [    Test worker] .s.d.r.c.RepositoryConfigurationDelegate : Bootstrapping Spring Data JDBC repositories in DEFAULT mode.
2024-05-10 14:46:24.300  INFO 3372 --- [    Test worker] .s.d.r.c.RepositoryConfigurationDelegate : Finished Spring Data repository scanning in 4 ms. Found 0 JDBC repository interfaces.
2024-05-10 14:46:24.731  INFO 3372 --- [    Test worker] o.s.b.w.embedded.tomcat.TomcatWebServer  : Tomcat initialized with port(s): 0 (http)
2024-05-10 14:46:24.741  INFO 3372 --- [    Test worker] o.apache.catalina.core.StandardService   : Starting service [Tomcat]
2024-05-10 14:46:24.741  INFO 3372 --- [    Test worker] org.apache.catalina.core.StandardEngine  : Starting Servlet engine: [Apache Tomcat/9.0.56]
2024-05-10 14:46:24.804  INFO 3372 --- [    Test worker] o.a.c.c.C.[Tomcat].[localhost].[/]       : Initializing Spring embedded WebApplicationContext
2024-05-10 14:46:24.804  INFO 3372 --- [    Test worker] w.s.c.ServletWebServerApplicationContext : Root WebApplicationContext: initialization completed in 887 ms
2024-05-10 14:46:25.207  INFO 3372 --- [    Test worker] o.s.j.d.e.EmbeddedDatabaseFactory        : Starting embedded database: url='jdbc:h2:mem:d4e6392c-8c39-489e-ac57-f6f57135075e;DB_CLOSE_DELAY=-1;DB_CLOSE_ON_EXIT=false', username='sa'
2024-05-10 14:46:25.516  INFO 3372 --- [    Test worker] o.s.b.w.embedded.tomcat.TomcatWebServer  : Tomcat started on port(s): 55862 (http) with context path ''
2024-05-10 14:46:25.524  INFO 3372 --- [    Test worker] e.cashcard.CashcardApplicationTests      : Started CashcardApplicationTests in 1.858 seconds (JVM running for 2.688)
2024-05-10 14:46:25.965  INFO 3372 --- [o-auto-1-exec-1] o.a.c.c.C.[Tomcat].[localhost].[/]       : Initializing Spring DispatcherServlet 'dispatcherServlet'
2024-05-10 14:46:25.965  INFO 3372 --- [o-auto-1-exec-1] o.s.web.servlet.DispatcherServlet        : Initializing Servlet 'dispatcherServlet'
2024-05-10 14:46:25.966  INFO 3372 --- [o-auto-1-exec-1] o.s.web.servlet.DispatcherServlet        : Completed initialization in 1 ms
]]></system-out>
  <system-err><![CDATA[]]></system-err>
</testsuite>
