<?xml version="1.0" encoding="UTF-8"?>
<testsuite name="example.cashcard.CashCardJsonTest" tests="1" skipped="0" failures="0" errors="0" timestamp="2024-02-17T21:26:44" hostname="MacBook-Pro-de-Isaque.local" time="0.044">
  <properties/>
  <testcase name="myFirstTest()" classname="example.cashcard.CashCardJsonTest" time="0.044"/>
  <system-out><![CDATA[]]></system-out>
  <system-err><![CDATA[]]></system-err>
</testsuite>
